{"level":"info","message":"Server running in development mode on port 5050","service":"dr-toshima-karki-api","timestamp":"2026-07-08 11:59:09"}
{"level":"info","message":"MongoDB Connected: localhost","service":"dr-toshima-karki-api","timestamp":"2026-07-08 11:59:09"}
{"level":"info","message":"Server running in development mode on port 5050","service":"dr-toshima-karki-api","timestamp":"2026-07-08 12:08:09"}
{"level":"info","message":"MongoDB Connected: localhost","service":"dr-toshima-karki-api","timestamp":"2026-07-08 12:08:09"}
{"level":"info","message":"Server running in development mode on port 5050","service":"dr-toshima-karki-api","timestamp":"2026-07-08 17:27:20"}
{"level":"info","message":"MongoDB Connected: localhost","service":"dr-toshima-karki-api","timestamp":"2026-07-08 17:27:20"}
{"level":"info","message":"GET /api/internships/stats","service":"dr-toshima-karki-api","timestamp":"2026-07-08 18:10:53"}
{"level":"info","message":"Server running in development mode on port 5050","service":"dr-toshima-karki-api","timestamp":"2026-07-08 18:11:14"}
{"level":"info","message":"MongoDB Connected: localhost","service":"dr-toshima-karki-api","timestamp":"2026-07-08 18:11:14"}
{"level":"info","message":"POST /api/upload/public","service":"dr-toshima-karki-api","timestamp":"2026-07-08 19:17:54"}
{"level":"info","message":"POST /api/upload/public","service":"dr-toshima-karki-api","timestamp":"2026-07-08 19:18:38"}
{"level":"info","message":"Server running in development mode on port 5050","service":"dr-toshima-karki-api","timestamp":"2026-07-08 19:19:44"}
{"level":"info","message":"MongoDB Connected: localhost","service":"dr-toshima-karki-api","timestamp":"2026-07-08 19:19:44"}
{"level":"info","message":"Server running in development mode on port 5050","service":"dr-toshima-karki-api","timestamp":"2026-07-08 19:23:15"}
{"level":"info","message":"MongoDB Connected: localhost","service":"dr-toshima-karki-api","timestamp":"2026-07-08 19:23:15"}
{"level":"error","message":"ValidationError: InternshipApplication validation failed: positionId: Cast to ObjectId failed for value \"\" (type string) at path \"positionId\" because of \"BSONError\"\n    at Document.invalidate (/Users/yuvraj/Downloads/Dr.TK_project/backend/node_modules/mongoose/lib/document.js:3387:32)\n    at model.$set (/Users/yuvraj/Downloads/Dr.TK_project/backend/node_modules/mongoose/lib/document.js:1498:12)\n    at model.$set (/Users/yuvraj/Downloads/Dr.TK_project/backend/node_modules/mongoose/lib/document.js:1150:16)\n    at model.Document (/Users/yuvraj/Downloads/Dr.TK_project/backend/node_modules/mongoose/lib/document.js:180:12)\n    at model.Model (/Users/yuvraj/Downloads/Dr.TK_project/backend/node_modules/mongoose/lib/model.js:127:12)\n    at new model (/Users/yuvraj/Downloads/Dr.TK_project/backend/node_modules/mongoose/lib/model.js:4866:15)\n    at /Users/yuvraj/Downloads/Dr.TK_project/backend/node_modules/mongoose/lib/model.js:2791:20\n    at Array.map (<anonymous>)\n    at model.create (/Users/yuvraj/Downloads/Dr.TK_project/backend/node_modules/mongoose/lib/model.js:2779:34)\n    at exports.submitApplication (/Users/yuvraj/Downloads/Dr.TK_project/backend/controllers/internship-application.controller.js:8:53)","service":"dr-toshima-karki-api","timestamp":"2026-07-08 19:26:28"}
{"level":"error","message":"ValidationError: InternshipApplication validation failed: positionId: Cast to ObjectId failed for value \"\" (type string) at path \"positionId\" because of \"BSONError\"\n    at Document.invalidate (/Users/yuvraj/Downloads/Dr.TK_project/backend/node_modules/mongoose/lib/document.js:3387:32)\n    at model.$set (/Users/yuvraj/Downloads/Dr.TK_project/backend/node_modules/mongoose/lib/document.js:1498:12)\n    at model.$set (/Users/yuvraj/Downloads/Dr.TK_project/backend/node_modules/mongoose/lib/document.js:1150:16)\n    at model.Document (/Users/yuvraj/Downloads/Dr.TK_project/backend/node_modules/mongoose/lib/document.js:180:12)\n    at model.Model (/Users/yuvraj/Downloads/Dr.TK_project/backend/node_modules/mongoose/lib/model.js:127:12)\n    at new model (/Users/yuvraj/Downloads/Dr.TK_project/backend/node_modules/mongoose/lib/model.js:4866:15)\n    at /Users/yuvraj/Downloads/Dr.TK_project/backend/node_modules/mongoose/lib/model.js:2791:20\n    at Array.map (<anonymous>)\n    at model.create (/Users/yuvraj/Downloads/Dr.TK_project/backend/node_modules/mongoose/lib/model.js:2779:34)\n    at exports.submitApplication (/Users/yuvraj/Downloads/Dr.TK_project/backend/controllers/internship-application.controller.js:8:53)","service":"dr-toshima-karki-api","timestamp":"2026-07-08 19:26:39"}
{"level":"info","message":"Server running in development mode on port 5050","service":"dr-toshima-karki-api","timestamp":"2026-07-09 07:25:57"}
{"level":"info","message":"MongoDB Connected: localhost","service":"dr-toshima-karki-api","timestamp":"2026-07-09 07:25:57"}
{"level":"info","message":"Server running in development mode on port 5050","service":"dr-toshima-karki-api","timestamp":"2026-07-09 10:58:17"}
{"level":"info","message":"MongoDB Connected: localhost","service":"dr-toshima-karki-api","timestamp":"2026-07-09 10:58:17"}
{"level":"info","message":"New contact message received from tmgsangeeta0315@gmail.com with priority High","service":"dr-toshima-karki-api","timestamp":"2026-07-09 12:06:20"}
{"level":"info","message":"Server running in development mode on port 5050","service":"dr-toshima-karki-api","timestamp":"2026-07-09 13:26:48"}
{"level":"info","message":"MongoDB Connected: ac-pe6v828-shard-00-00.krvdcot.mongodb.net","service":"dr-toshima-karki-api","timestamp":"2026-07-09 13:26:50"}
{"level":"info","message":"Server running in development mode on port 5050","service":"dr-toshima-karki-api","timestamp":"2026-07-09 14:04:24"}
{"level":"info","message":"MongoDB Connected: ac-pe6v828-shard-00-00.krvdcot.mongodb.net","service":"dr-toshima-karki-api","timestamp":"2026-07-09 14:04:25"}
{"level":"info","message":"Server running in development mode on port 5050","service":"dr-toshima-karki-api","timestamp":"2026-07-09 14:10:06"}
{"level":"info","message":"MongoDB Connected: ac-pe6v828-shard-00-00.krvdcot.mongodb.net","service":"dr-toshima-karki-api","timestamp":"2026-07-09 14:10:07"}
{"level":"info","message":"Server running in development mode on port 5050","service":"dr-toshima-karki-api","timestamp":"2026-07-09 14:13:33"}
{"level":"info","message":"MongoDB Connected: localhost","service":"dr-toshima-karki-api","timestamp":"2026-07-09 14:13:33"}
{"level":"error","message":"SyntaxError: Expected property name or '}' in JSON at position 1 (line 1 column 2)\n    at JSON.parse (<anonymous>)\n    at parse (/Users/yuvraj/Downloads/Dr.TK_project/backend/node_modules/body-parser/lib/types/json.js:92:19)\n    at /Users/yuvraj/Downloads/Dr.TK_project/backend/node_modules/body-parser/lib/read.js:128:18\n    at AsyncResource.runInAsyncScope (node:async_hooks:227:14)\n    at invokeCallback (/Users/yuvraj/Downloads/Dr.TK_project/backend/node_modules/raw-body/index.js:238:16)\n    at done (/Users/yuvraj/Downloads/Dr.TK_project/backend/node_modules/raw-body/index.js:227:7)\n    at IncomingMessage.onEnd (/Users/yuvraj/Downloads/Dr.TK_project/backend/node_modules/raw-body/index.js:287:7)\n    at IncomingMessage.emit (node:events:509:28)\n    at endReadableNT (node:internal/streams/readable:1729:12)\n    at process.processTicksAndRejections (node:internal/process/task_queues:90:21)","service":"dr-toshima-karki-api","timestamp":"2026-07-09 14:14:14"}
{"level":"error","message":"Auth Middleware Error: jwt malformed","service":"dr-toshima-karki-api","timestamp":"2026-07-09 14:27:55"}
{"level":"error","message":"Auth Middleware Error: jwt malformed","service":"dr-toshima-karki-api","timestamp":"2026-07-09 14:27:55"}
{"level":"error","message":"Auth Middleware Error: jwt malformed","service":"dr-toshima-karki-api","timestamp":"2026-07-09 14:27:55"}
{"level":"error","message":"Auth Middleware Error: jwt malformed","service":"dr-toshima-karki-api","timestamp":"2026-07-09 14:27:55"}
{"level":"error","message":"Auth Middleware Error: jwt malformed","service":"dr-toshima-karki-api","timestamp":"2026-07-09 14:27:55"}
{"level":"error","message":"Auth Middleware Error: jwt malformed","service":"dr-toshima-karki-api","timestamp":"2026-07-09 14:27:55"}
{"level":"error","message":"Auth Middleware Error: jwt malformed","service":"dr-toshima-karki-api","timestamp":"2026-07-09 14:27:58"}
{"level":"error","message":"Auth Middleware Error: jwt malformed","service":"dr-toshima-karki-api","timestamp":"2026-07-09 14:27:58"}
{"level":"error","message":"Auth Middleware Error: jwt malformed","service":"dr-toshima-karki-api","timestamp":"2026-07-09 14:27:58"}
{"level":"error","message":"Auth Middleware Error: jwt malformed","service":"dr-toshima-karki-api","timestamp":"2026-07-09 14:27:58"}
{"level":"error","message":"Auth Middleware Error: jwt malformed","service":"dr-toshima-karki-api","timestamp":"2026-07-09 14:27:58"}
{"level":"error","message":"Auth Middleware Error: jwt malformed","service":"dr-toshima-karki-api","timestamp":"2026-07-09 14:27:58"}
{"level":"info","message":"Server running in development mode on port 5050","service":"dr-toshima-karki-api","timestamp":"2026-07-09 14:36:00"}
{"level":"info","message":"MongoDB Connected: localhost","service":"dr-toshima-karki-api","timestamp":"2026-07-09 14:36:00"}
{"level":"info","message":"Server running in development mode on port 5050","service":"dr-toshima-karki-api","timestamp":"2026-07-09 14:36:03"}
{"level":"info","message":"MongoDB Connected: localhost","service":"dr-toshima-karki-api","timestamp":"2026-07-09 14:36:03"}
{"level":"info","message":"Server running in development mode on port 5050","service":"dr-toshima-karki-api","timestamp":"2026-07-09 14:36:07"}
{"level":"info","message":"MongoDB Connected: localhost","service":"dr-toshima-karki-api","timestamp":"2026-07-09 14:36:07"}
{"level":"info","message":"Server running in development mode on port 5050","service":"dr-toshima-karki-api","timestamp":"2026-07-09 14:36:12"}
{"level":"info","message":"MongoDB Connected: localhost","service":"dr-toshima-karki-api","timestamp":"2026-07-09 14:36:12"}
{"level":"info","message":"Server running in development mode on port 5050","service":"dr-toshima-karki-api","timestamp":"2026-07-09 14:36:15"}
{"level":"info","message":"MongoDB Connected: localhost","service":"dr-toshima-karki-api","timestamp":"2026-07-09 14:36:15"}
{"level":"info","message":"Debug stats requested by admin@toshimakarki.gov.np","service":"dr-toshima-karki-api","timestamp":"2026-07-09 14:36:48"}
{"level":"info","message":"Server running in development mode on port 5050","service":"dr-toshima-karki-api","timestamp":"2026-07-09 14:39:46"}
{"level":"info","message":"MongoDB Connected: localhost","service":"dr-toshima-karki-api","timestamp":"2026-07-09 14:39:46"}
{"level":"info","message":"Server running in development mode on port 5050","service":"dr-toshima-karki-api","timestamp":"2026-07-09 14:39:51"}
{"level":"info","message":"MongoDB Connected: localhost","service":"dr-toshima-karki-api","timestamp":"2026-07-09 14:39:52"}
{"level":"info","message":"Server running in development mode on port 5050","service":"dr-toshima-karki-api","timestamp":"2026-07-10 09:59:50"}
{"level":"info","message":"MongoDB Connected: localhost","service":"dr-toshima-karki-api","timestamp":"2026-07-10 09:59:50"}
{"level":"info","message":"Server running in development mode on port 5050","service":"dr-toshima-karki-api","timestamp":"2026-07-10 10:03:11"}
{"level":"info","message":"MongoDB Connected: localhost","service":"dr-toshima-karki-api","timestamp":"2026-07-10 10:03:11"}
{"level":"info","message":"Server running in development mode on port 5050","service":"dr-toshima-karki-api","timestamp":"2026-07-10 10:03:13"}
{"level":"info","message":"MongoDB Connected: localhost","service":"dr-toshima-karki-api","timestamp":"2026-07-10 10:03:13"}
{"level":"info","message":"Server running in development mode on port 5050","service":"dr-toshima-karki-api","timestamp":"2026-07-10 11:44:11"}
{"level":"info","message":"MongoDB Connected: localhost","service":"dr-toshima-karki-api","timestamp":"2026-07-10 11:44:11"}
{"level":"info","message":"Server running in development mode on port 5050","service":"dr-toshima-karki-api","timestamp":"2026-07-10 11:51:43"}
{"level":"info","message":"MongoDB Connected: ac-pe6v828-shard-00-00.krvdcot.mongodb.net","service":"dr-toshima-karki-api","timestamp":"2026-07-10 11:51:44"}
{"level":"info","message":"Default admin account ensured: admin@toshimakarki.gov.np","service":"dr-toshima-karki-api","timestamp":"2026-07-10 11:51:45"}
{"level":"info","message":"Server running in development mode on port 5050","service":"dr-toshima-karki-api","timestamp":"2026-07-10 12:07:41"}
{"level":"info","message":"MongoDB Connected: ac-pe6v828-shard-00-00.krvdcot.mongodb.net","service":"dr-toshima-karki-api","timestamp":"2026-07-10 12:07:42"}
{"level":"info","message":"Server running in development mode on port 5050","service":"dr-toshima-karki-api","timestamp":"2026-07-13 10:44:38"}
{"level":"info","message":"MongoDB Connected: ac-pe6v828-shard-00-00.krvdcot.mongodb.net","service":"dr-toshima-karki-api","timestamp":"2026-07-13 10:44:40"}
{"level":"info","message":"Server running in development mode on port 5050","service":"dr-toshima-karki-api","timestamp":"2026-07-13 20:23:16"}
{"level":"info","message":"MongoDB Connected: ac-pe6v828-shard-00-00.krvdcot.mongodb.net","service":"dr-toshima-karki-api","timestamp":"2026-07-13 20:23:18"}
{"level":"info","message":"Server running in development mode on port 5050","service":"dr-toshima-karki-api","timestamp":"2026-07-13 21:06:31"}
{"level":"info","message":"MongoDB Connected: ac-pe6v828-shard-00-00.krvdcot.mongodb.net","service":"dr-toshima-karki-api","timestamp":"2026-07-13 21:06:34"}
{"level":"info","message":"Server running in development mode on port 5050","service":"dr-toshima-karki-api","timestamp":"2026-07-13 21:10:13"}
{"level":"info","message":"MongoDB Connected: ac-pe6v828-shard-00-00.krvdcot.mongodb.net","service":"dr-toshima-karki-api","timestamp":"2026-07-13 21:10:14"}
{"level":"info","message":"Server running in development mode on port 5050","service":"dr-toshima-karki-api","timestamp":"2026-07-13 21:21:42"}
{"level":"info","message":"Server running in development mode on port 5050","service":"dr-toshima-karki-api","timestamp":"2026-07-13 21:21:43"}
{"level":"info","message":"MongoDB Connected: ac-pe6v828-shard-00-00.krvdcot.mongodb.net","service":"dr-toshima-karki-api","timestamp":"2026-07-13 21:21:44"}
{"level":"error","message":"MongoServerSelectionError: Socket 'secureConnect' timed out after 30001ms (connectTimeoutMS: 30000)\n    at Topology.selectServer (/Users/yuvraj/Downloads/Dr.TK_project/backend/node_modules/mongodb/lib/sdam/topology.js:327:38)\n    at async tryOperation (/Users/yuvraj/Downloads/Dr.TK_project/backend/node_modules/mongodb/lib/operations/execute_operation.js:148:18)\n    at async executeOperation (/Users/yuvraj/Downloads/Dr.TK_project/backend/node_modules/mongodb/lib/operations/execute_operation.js:78:16)\n    at async FindCursor._initialize (/Users/yuvraj/Downloads/Dr.TK_project/backend/node_modules/mongodb/lib/cursor/find_cursor.js:62:26)\n    at async FindCursor.cursorInit (/Users/yuvraj/Downloads/Dr.TK_project/backend/node_modules/mongodb/lib/cursor/abstract_cursor.js:632:27)\n    at async FindCursor.fetchBatch (/Users/yuvraj/Downloads/Dr.TK_project/backend/node_modules/mongodb/lib/cursor/abstract_cursor.js:666:13)\n    at async FindCursor.next (/Users/yuvraj/Downloads/Dr.TK_project/backend/node_modules/mongodb/lib/cursor/abstract_cursor.js:342:17)\n    at async Collection.findOne (/Users/yuvraj/Downloads/Dr.TK_project/backend/node_modules/mongodb/lib/collection.js:313:24)\n    at async model.Query._findOne (/Users/yuvraj/Downloads/Dr.TK_project/backend/node_modules/mongoose/lib/query.js:2710:15)\n    at async model.Query.exec (/Users/yuvraj/Downloads/Dr.TK_project/backend/node_modules/mongoose/lib/query.js:4627:63)","service":"dr-toshima-karki-api","timestamp":"2026-07-14 07:08:36"}
{"level":"error","message":"MongoServerSelectionError: Socket 'secureConnect' timed out after 30001ms (connectTimeoutMS: 30000)\n    at Topology.selectServer (/Users/yuvraj/Downloads/Dr.TK_project/backend/node_modules/mongodb/lib/sdam/topology.js:327:38)\n    at async tryOperation (/Users/yuvraj/Downloads/Dr.TK_project/backend/node_modules/mongodb/lib/operations/execute_operation.js:148:18)\n    at async executeOperation (/Users/yuvraj/Downloads/Dr.TK_project/backend/node_modules/mongodb/lib/operations/execute_operation.js:78:16)\n    at async FindCursor._initialize (/Users/yuvraj/Downloads/Dr.TK_project/backend/node_modules/mongodb/lib/cursor/find_cursor.js:62:26)\n    at async FindCursor.cursorInit (/Users/yuvraj/Downloads/Dr.TK_project/backend/node_modules/mongodb/lib/cursor/abstract_cursor.js:632:27)\n    at async FindCursor.fetchBatch (/Users/yuvraj/Downloads/Dr.TK_project/backend/node_modules/mongodb/lib/cursor/abstract_cursor.js:666:13)\n    at async FindCursor.next (/Users/yuvraj/Downloads/Dr.TK_project/backend/node_modules/mongodb/lib/cursor/abstract_cursor.js:342:17)\n    at async Collection.findOne (/Users/yuvraj/Downloads/Dr.TK_project/backend/node_modules/mongodb/lib/collection.js:313:24)\n    at async model.Query._findOne (/Users/yuvraj/Downloads/Dr.TK_project/backend/node_modules/mongoose/lib/query.js:2710:15)\n    at async model.Query.exec (/Users/yuvraj/Downloads/Dr.TK_project/backend/node_modules/mongoose/lib/query.js:4627:63)","service":"dr-toshima-karki-api","timestamp":"2026-07-14 07:08:56"}
{"level":"info","message":"Server running in development mode on port 5050","service":"dr-toshima-karki-api","timestamp":"2026-07-14 16:38:05"}
{"level":"info","message":"MongoDB Connected: ac-pe6v828-shard-00-00.krvdcot.mongodb.net","service":"dr-toshima-karki-api","timestamp":"2026-07-14 16:38:07"}
{"level":"info","message":"Server running in development mode on port 5050","service":"dr-toshima-karki-api","timestamp":"2026-07-15 17:01:40"}
{"level":"info","message":"MongoDB Connected: ac-pe6v828-shard-00-00.krvdcot.mongodb.net","service":"dr-toshima-karki-api","timestamp":"2026-07-15 17:01:41"}
